[ERR] Some(
    Error {
        kind: InvalidArgument {
            message: "No documents provided to insert_many",
        },
        labels: {},
        wire_version: None,
        source: None,
    },
)
[ERR] Some(
    Error {
        kind: InvalidArgument {
            message: "No documents provided to insert_many",
        },
        labels: {},
        wire_version: None,
        source: None,
    },
)
[ERR] Some(
    Error {
        kind: InvalidArgument {
            message: "No documents provided to insert_many",
        },
        labels: {},
        wire_version: None,
        source: None,
    },
)
[ERR] Some(
    Error {
        kind: InvalidArgument {
            message: "No documents provided to insert_many",
        },
        labels: {},
        wire_version: None,
        source: None,
    },
)
[ERR] Some(
    Error {
        kind: InvalidArgument {
            message: "No documents provided to insert_many",
        },
        labels: {},
        wire_version: None,
        source: None,
    },
)
[ERR] Some(
    Error {
        kind: InvalidArgument {
            message: "No documents provided to insert_many",
        },
        labels: {},
        wire_version: None,
        source: None,
    },
)
[ERR] Some(
    Error {
        kind: InvalidArgument {
            message: "No documents provided to insert_many",
        },
        labels: {},
        wire_version: None,
        source: None,
    },
)
[ERR] Some(
    Error {
        kind: InvalidArgument {
            message: "No documents provided to insert_many",
        },
        labels: {},
        wire_version: None,
        source: None,
    },
)
[ERR] Some(
    Error {
        kind: InvalidArgument {
            message: "No documents provided to insert_many",
        },
        labels: {},
        wire_version: None,
        source: None,
    },
)
[ERR] Some(
    Error {
        kind: InvalidArgument {
            message: "No documents provided to insert_many",
        },
        labels: {},
        wire_version: None,
        source: None,
    },
)
[ERR] Some(
    Error {
        kind: InvalidArgument {
            message: "No documents provided to insert_many",
        },
        labels: {},
        wire_version: None,
        source: None,
    },
)
[ERR] Some(
    Error {
        kind: InvalidArgument {
            message: "No documents provided to insert_many",
        },
        labels: {},
        wire_version: None,
        source: None,
    },
)
[ERR] Some(
    Error {
        kind: InvalidArgument {
            message: "No documents provided to insert_many",
        },
        labels: {},
        wire_version: None,
        source: None,
    },
)
[ERR] Some(
    Error {
        kind: InvalidArgument {
            message: "No documents provided to insert_many",
        },
        labels: {},
        wire_version: None,
        source: None,
    },
)
[ERR] Some(
    Error {
        kind: InvalidArgument {
            message: "No documents provided to insert_many",
        },
        labels: {},
        wire_version: None,
        source: None,
    },
)
[ERR] Some(
    Error {
        kind: InvalidArgument {
            message: "No documents provided to insert_many",
        },
        labels: {},
        wire_version: None,
        source: None,
    },
)
[ERR] Some(
    Error {
        kind: InvalidArgument {
            message: "No documents provided to insert_many",
        },
        labels: {},
        wire_version: None,
        source: None,
    },
)
[ERR] Some(
    Error {
        kind: InvalidArgument {
            message: "No documents provided to insert_many",
        },
        labels: {},
        wire_version: None,
        source: None,
    },
)
[ERR] Some(
    Error {
        kind: InvalidArgument {
            message: "No documents provided to insert_many",
        },
        labels: {},
        wire_version: None,
        source: None,
    },
)
[ERR] Some(
    Error {
        kind: InvalidArgument {
            message: "No documents provided to insert_many",
        },
        labels: {},
        wire_version: None,
        source: None,
    },
)
[ERR] Some(
    Error {
        kind: InvalidArgument {
            message: "No documents provided to insert_many",
        },
        labels: {},
        wire_version: None,
        source: None,
    },
)
[ERR] Some(
    Error {
        kind: InvalidArgument {
            message: "No documents provided to insert_many",
        },
        labels: {},
        wire_version: None,
        source: None,
    },
)
[ERR] Some(
    Error {
        kind: InvalidArgument {
            message: "No documents provided to insert_many",
        },
        labels: {},
        wire_version: None,
        source: None,
    },
)
[ERR] Some(
    Error {
        kind: InvalidArgument {
            message: "No documents provided to insert_many",
        },
        labels: {},
        wire_version: None,
        source: None,
    },
)
[ERR] Some(
    Error {
        kind: InvalidArgument {
            message: "No documents provided to insert_many",
        },
        labels: {},
        wire_version: None,
        source: None,
    },
)
[ERR] Some(
    Error {
        kind: InvalidArgument {
            message: "No documents provided to insert_many",
        },
        labels: {},
        wire_version: None,
        source: None,
    },
)
[ERR] Some(
    Error {
        kind: InvalidArgument {
            message: "No documents provided to insert_many",
        },
        labels: {},
        wire_version: None,
        source: None,
    },
)
[ERR] Some(
    Error {
        kind: InvalidArgument {
            message: "No documents provided to insert_many",
        },
        labels: {},
        wire_version: None,
        source: None,
    },
)
[ERR] Some(
    Error {
        kind: InvalidArgument {
            message: "No documents provided to insert_many",
        },
        labels: {},
        wire_version: None,
        source: None,
    },
)
[ERR] Some(
    Error {
        kind: InvalidArgument {
            message: "No documents provided to insert_many",
        },
        labels: {},
        wire_version: None,
        source: None,
    },
)
[ERR] Some(
    Error {
        kind: InvalidArgument {
            message: "No documents provided to insert_many",
        },
        labels: {},
        wire_version: None,
        source: None,
    },
)
[ERR] Some(
    Error {
        kind: InvalidArgument {
            message: "No documents provided to insert_many",
        },
        labels: {},
        wire_version: None,
        source: None,
    },
)
